<?xml version="1.0" encoding="UTF-8"?>
<!-- Generated by org.testng.reporters.JUnitReportReporter -->
<testsuite skipped="0" hostname="Lenovo-PC" name="Com_TimeT_Tests.BuildNumberTest" tests="1" failures="0" timestamp="31 Dec 2020 08:14:05 GMT" time="25.516" errors="0">
  <testcase name="buildNumberverify" time="25.516" classname="Com_TimeT_Tests.BuildNumberTest"/>
</testsuite> <!-- Com_TimeT_Tests.BuildNumberTest -->
