<?xml version="1.0" encoding="UTF-8"?>
<!-- Generated by org.testng.reporters.JUnitReportReporter -->
<testsuite skipped="0" hostname="Lenovo-PC" name="Com_TimeT_Tests.ValidLoginLogoutTest" tests="1" failures="0" timestamp="31 Dec 2020 06:39:47 GMT" time="23.750" errors="0">
  <testcase name="validLogin" time="23.750" classname="Com_TimeT_Tests.ValidLoginLogoutTest"/>
</testsuite> <!-- Com_TimeT_Tests.ValidLoginLogoutTest -->
