<?xml version="1.0" encoding="UTF-8"?>
<!-- Generated by org.testng.reporters.JUnitReportReporter -->
<testsuite skipped="0" hostname="Lenovo-PC" name="Com_TimeT_Tests.InvalidLogin" tests="1" failures="0" timestamp="31 Dec 2020 06:39:47 GMT" time="11.167" errors="0">
  <testcase name="invalidLogin" time="11.167" classname="Com_TimeT_Tests.InvalidLogin"/>
</testsuite> <!-- Com_TimeT_Tests.InvalidLogin -->
